TN:
SF:src\db.ts
FN:17,(anonymous_0)
FN:21,(anonymous_1)
FN:28,query
FN:42,healthCheck
FNF:4
FNH:2
FNDA:0,(anonymous_0)
FNDA:0,(anonymous_1)
FNDA:10,query
FNDA:4,healthCheck
DA:1,12
DA:4,12
DA:17,12
DA:18,0
DA:21,12
DA:22,0
DA:23,0
DA:28,12
DA:32,10
DA:33,10
DA:34,6
DA:35,6
DA:36,0
DA:38,6
DA:42,12
DA:43,4
DA:44,4
DA:45,1
DA:47,3
LF:19
LH:15
BRDA:10,0,0,0
BRDA:10,0,1,12
BRDA:11,1,0,0
BRDA:11,1,1,12
BRDA:22,2,0,0
BRDA:35,3,0,0
BRF:6
BRH:2
end_of_record
TN:
SF:src\server.ts
FN:23,(anonymous_1)
FN:34,(anonymous_2)
FN:50,(anonymous_3)
FN:74,(anonymous_4)
FN:79,(anonymous_5)
FN:88,start
FN:93,(anonymous_7)
FN:104,(anonymous_8)
FN:110,(anonymous_9)
FNF:9
FNH:0
FNDA:0,(anonymous_1)
FNDA:0,(anonymous_2)
FNDA:0,(anonymous_3)
FNDA:0,(anonymous_4)
FNDA:0,(anonymous_5)
FNDA:0,start
FNDA:0,(anonymous_7)
FNDA:0,(anonymous_8)
FNDA:0,(anonymous_9)
DA:1,0
DA:2,0
DA:3,0
DA:4,0
DA:5,0
DA:6,0
DA:7,0
DA:9,0
DA:10,0
DA:12,0
DA:15,0
DA:18,0
DA:19,0
DA:20,0
DA:23,0
DA:24,0
DA:25,0
DA:34,0
DA:35,0
DA:46,0
DA:47,0
DA:50,0
DA:51,0
DA:74,0
DA:75,0
DA:79,0
DA:80,0
DA:81,0
DA:89,0
DA:91,0
DA:93,0
DA:94,0
DA:95,0
DA:98,0
DA:99,0
DA:104,0
DA:105,0
DA:106,0
DA:107,0
DA:110,0
DA:111,0
DA:112,0
DA:113,0
DA:116,0
LF:44
LH:0
BRDA:15,0,0,0
BRDA:15,0,1,0
BRDA:26,1,0,0
BRDA:26,1,1,0
BRDA:40,2,0,0
BRDA:40,2,1,0
BRDA:81,3,0,0
BRDA:81,3,1,0
BRDA:82,4,0,0
BRDA:82,4,1,0
BRDA:83,5,0,0
BRDA:83,5,1,0
BRDA:95,6,0,0
BRDA:95,6,1,0
BRF:14
BRH:0
end_of_record
TN:
SF:src\auth\keycloak.ts
FN:39,getKey
FN:40,(anonymous_2)
FN:64,requireAuth
FN:91,(anonymous_4)
FNF:4
FNH:2
FNDA:0,getKey
FNDA:0,(anonymous_2)
FNDA:17,requireAuth
FNDA:10,(anonymous_4)
DA:2,1
DA:3,1
DA:27,1
DA:28,1
DA:29,1
DA:32,1
DA:40,0
DA:41,0
DA:42,0
DA:43,0
DA:45,0
DA:46,0
DA:64,1
DA:66,17
DA:68,17
DA:69,2
DA:70,2
DA:74,15
DA:75,15
DA:76,5
DA:77,5
DA:80,10
DA:83,10
DA:92,10
DA:93,4
DA:94,1
DA:95,1
DA:97,3
DA:98,3
DA:102,6
DA:103,6
DA:104,6
LF:32
LH:26
BRDA:27,0,0,1
BRDA:27,0,1,0
BRDA:28,1,0,1
BRDA:28,1,1,0
BRDA:41,2,0,0
BRDA:68,3,0,2
BRDA:75,4,0,5
BRDA:75,5,0,15
BRDA:75,5,1,11
BRDA:92,6,0,4
BRDA:93,7,0,1
BRF:11
BRH:8
end_of_record
TN:
SF:src\messaging\rabbitmq.ts
FN:16,connectRabbitMQ
FN:20,(anonymous_1)
FN:24,(anonymous_2)
FN:39,getRabbitMQ
FN:46,closeRabbitMQ
FNF:5
FNH:5
FNDA:11,connectRabbitMQ
FNDA:1,(anonymous_1)
FNDA:1,(anonymous_2)
FNDA:2,getRabbitMQ
FNDA:2,closeRabbitMQ
DA:6,1
DA:8,1
DA:10,1
DA:16,1
DA:17,11
DA:18,11
DA:20,11
DA:21,1
DA:24,11
DA:25,1
DA:28,11
DA:29,11
DA:31,0
DA:32,0
DA:39,1
DA:40,2
DA:46,1
DA:47,2
DA:48,2
DA:49,2
DA:50,2
DA:51,2
LF:22
LH:20
BRDA:8,0,0,1
BRDA:8,0,1,0
BRDA:47,1,0,2
BRF:3
BRH:2
end_of_record
TN:
SF:src\routes\friendships.ts
FN:27,(anonymous_0)
FN:58,(anonymous_1)
FN:83,(anonymous_2)
FN:114,(anonymous_3)
FN:163,(anonymous_4)
FNF:5
FNH:5
FNDA:4,(anonymous_0)
FNDA:3,(anonymous_1)
FNDA:2,(anonymous_2)
FNDA:6,(anonymous_3)
FNDA:3,(anonymous_4)
DA:1,1
DA:2,1
DA:3,1
DA:5,1
DA:8,1
DA:27,1
DA:28,4
DA:29,4
DA:31,4
DA:32,0
DA:36,4
DA:47,3
DA:49,1
DA:58,1
DA:59,3
DA:60,3
DA:62,3
DA:63,0
DA:66,3
DA:73,3
DA:75,0
DA:83,1
DA:84,2
DA:85,2
DA:86,2
DA:87,0
DA:91,2
DA:102,2
DA:104,0
DA:114,1
DA:115,6
DA:116,6
DA:117,6
DA:119,6
DA:120,0
DA:123,6
DA:124,1
DA:127,5
DA:128,1
DA:132,4
DA:137,3
DA:138,2
DA:142,1
DA:149,1
DA:154,1
DA:163,1
DA:164,3
DA:165,3
DA:166,3
DA:168,3
DA:169,0
DA:172,3
DA:173,0
DA:177,3
DA:183,2
DA:184,1
DA:187,1
DA:192,1
DA:196,1
LF:59
LH:51
BRDA:31,0,0,0
BRDA:62,1,0,0
BRDA:86,2,0,0
BRDA:117,3,0,6
BRDA:117,3,1,0
BRDA:119,4,0,0
BRDA:123,5,0,1
BRDA:127,6,0,1
BRDA:137,7,0,2
BRDA:168,8,0,0
BRDA:172,9,0,0
BRDA:183,10,0,1
BRF:12
BRH:5
end_of_record
TN:
SF:src\routes\requests.ts
FN:35,(anonymous_0)
FN:63,(anonymous_1)
FN:92,(anonymous_2)
FN:166,(anonymous_3)
FN:220,(anonymous_4)
FN:257,(anonymous_5)
FNF:6
FNH:6
FNDA:4,(anonymous_0)
FNDA:2,(anonymous_1)
FNDA:7,(anonymous_2)
FNDA:4,(anonymous_3)
FNDA:3,(anonymous_4)
FNDA:4,(anonymous_5)
DA:1,1
DA:2,1
DA:3,1
DA:5,1
DA:8,1
DA:35,1
DA:36,4
DA:37,4
DA:39,4
DA:40,0
DA:43,4
DA:52,3
DA:54,1
DA:63,1
DA:64,2
DA:65,2
DA:67,2
DA:68,0
DA:71,2
DA:80,2
DA:82,0
DA:92,1
DA:93,7
DA:94,7
DA:95,7
DA:97,7
DA:98,0
DA:101,7
DA:102,1
DA:105,6
DA:106,1
DA:110,5
DA:115,5
DA:116,1
DA:120,4
DA:126,4
DA:127,1
DA:131,3
DA:137,3
DA:138,1
DA:142,2
DA:149,1
DA:154,1
DA:155,1
DA:157,0
DA:166,1
DA:167,4
DA:168,4
DA:169,4
DA:171,4
DA:172,0
DA:175,4
DA:176,0
DA:180,4
DA:186,3
DA:187,1
DA:191,2
DA:199,2
DA:206,2
DA:211,1
DA:220,1
DA:221,3
DA:222,3
DA:223,3
DA:225,3
DA:226,0
DA:229,3
DA:230,0
DA:233,3
DA:240,3
DA:241,1
DA:244,2
DA:248,0
DA:257,1
DA:258,4
DA:259,4
DA:260,4
DA:262,4
DA:263,0
DA:266,4
DA:267,0
DA:270,4
DA:276,3
DA:277,1
DA:280,2
DA:284,1
DA:288,1
LF:87
LH:75
BRDA:39,0,0,0
BRDA:67,1,0,0
BRDA:95,2,0,7
BRDA:95,2,1,0
BRDA:97,3,0,0
BRDA:101,4,0,1
BRDA:105,5,0,1
BRDA:115,6,0,1
BRDA:126,7,0,1
BRDA:137,8,0,1
BRDA:154,9,0,1
BRDA:171,10,0,0
BRDA:175,11,0,0
BRDA:186,12,0,1
BRDA:225,13,0,0
BRDA:229,14,0,0
BRDA:240,15,0,1
BRDA:262,16,0,0
BRDA:266,17,0,0
BRDA:276,18,0,1
BRF:20
BRH:10
end_of_record
