TN:
SF:src\db.ts
FN:17,(anonymous_0)
FN:21,(anonymous_1)
FN:28,query
FN:42,healthCheck
FNF:4
FNH:3
FNDA:3,(anonymous_0)
FNDA:4,(anonymous_1)
FNDA:88,query
FNDA:0,healthCheck
DA:1,2
DA:4,2
DA:17,2
DA:18,3
DA:21,2
DA:22,4
DA:23,0
DA:28,2
DA:32,88
DA:33,88
DA:34,87
DA:35,87
DA:36,0
DA:38,87
DA:42,2
DA:43,0
DA:44,0
DA:45,0
DA:47,0
LF:19
LH:13
BRDA:10,0,0,0
BRDA:10,0,1,2
BRDA:11,1,0,0
BRDA:11,1,1,2
BRDA:22,2,0,0
BRDA:35,3,0,0
BRF:6
BRH:2
end_of_record
TN:
SF:src\routes\friendships.ts
FN:27,(anonymous_0)
FN:58,(anonymous_1)
FN:83,(anonymous_2)
FN:114,(anonymous_3)
FN:163,(anonymous_4)
FNF:5
FNH:5
FNDA:3,(anonymous_0)
FNDA:2,(anonymous_1)
FNDA:4,(anonymous_2)
FNDA:8,(anonymous_3)
FNDA:3,(anonymous_4)
DA:1,1
DA:2,1
DA:3,1
DA:5,1
DA:8,1
DA:27,1
DA:28,3
DA:29,3
DA:31,3
DA:32,0
DA:36,3
DA:47,3
DA:49,0
DA:58,1
DA:59,2
DA:60,2
DA:62,2
DA:63,0
DA:66,2
DA:73,2
DA:75,0
DA:83,1
DA:84,4
DA:85,4
DA:86,4
DA:87,0
DA:91,4
DA:102,3
DA:104,1
DA:114,1
DA:115,8
DA:116,8
DA:117,8
DA:119,8
DA:120,0
DA:123,8
DA:124,1
DA:127,7
DA:128,1
DA:132,6
DA:137,6
DA:138,1
DA:142,5
DA:149,5
DA:154,0
DA:163,1
DA:164,3
DA:165,3
DA:166,3
DA:168,3
DA:169,0
DA:172,3
DA:173,0
DA:177,3
DA:183,3
DA:184,1
DA:187,2
DA:192,0
DA:196,1
LF:59
LH:49
BRDA:31,0,0,0
BRDA:62,1,0,0
BRDA:86,2,0,0
BRDA:117,3,0,8
BRDA:117,3,1,0
BRDA:119,4,0,0
BRDA:123,5,0,1
BRDA:127,6,0,1
BRDA:137,7,0,1
BRDA:168,8,0,0
BRDA:172,9,0,0
BRDA:183,10,0,1
BRF:12
BRH:5
end_of_record
TN:
SF:src\routes\requests.ts
FN:35,(anonymous_0)
FN:63,(anonymous_1)
FN:92,(anonymous_2)
FN:166,(anonymous_3)
FN:220,(anonymous_4)
FN:257,(anonymous_5)
FNF:6
FNH:6
FNDA:7,(anonymous_0)
FNDA:2,(anonymous_1)
FNDA:13,(anonymous_2)
FNDA:5,(anonymous_3)
FNDA:3,(anonymous_4)
FNDA:4,(anonymous_5)
DA:1,1
DA:2,1
DA:3,1
DA:5,1
DA:8,1
DA:35,1
DA:36,7
DA:37,7
DA:39,7
DA:40,0
DA:43,7
DA:52,7
DA:54,0
DA:63,1
DA:64,2
DA:65,2
DA:67,2
DA:68,0
DA:71,2
DA:80,2
DA:82,0
DA:92,1
DA:93,13
DA:94,13
DA:95,13
DA:97,13
DA:98,0
DA:101,13
DA:102,1
DA:105,12
DA:106,1
DA:110,11
DA:115,11
DA:116,1
DA:120,10
DA:126,10
DA:127,1
DA:131,9
DA:137,9
DA:138,1
DA:142,8
DA:149,8
DA:154,0
DA:155,0
DA:157,0
DA:166,1
DA:167,5
DA:168,5
DA:169,5
DA:171,5
DA:172,0
DA:175,5
DA:176,0
DA:180,5
DA:186,5
DA:187,2
DA:191,3
DA:199,3
DA:206,3
DA:211,0
DA:220,1
DA:221,3
DA:222,3
DA:223,3
DA:225,3
DA:226,0
DA:229,3
DA:230,0
DA:233,3
DA:240,3
DA:241,1
DA:244,2
DA:248,0
DA:257,1
DA:258,4
DA:259,4
DA:260,4
DA:262,4
DA:263,0
DA:266,4
DA:267,0
DA:270,4
DA:276,4
DA:277,1
DA:280,3
DA:284,0
DA:288,1
LF:87
LH:70
BRDA:39,0,0,0
BRDA:67,1,0,0
BRDA:95,2,0,13
BRDA:95,2,1,0
BRDA:97,3,0,0
BRDA:101,4,0,1
BRDA:105,5,0,1
BRDA:115,6,0,1
BRDA:126,7,0,1
BRDA:137,8,0,1
BRDA:154,9,0,0
BRDA:171,10,0,0
BRDA:175,11,0,0
BRDA:186,12,0,2
BRDA:225,13,0,0
BRDA:229,14,0,0
BRDA:240,15,0,1
BRDA:262,16,0,0
BRDA:266,17,0,0
BRDA:276,18,0,1
BRF:20
BRH:9
end_of_record
